[15:17:38] [ServerMain/INFO]: Environment: Environment[sessionHost=https://sessionserver.mojang.com, servicesHost=https://api.minecraftservices.com, name=PROD]
[15:17:40] [ServerMain/INFO]: Loaded 1175 recipes
[15:17:42] [Server thread/INFO]: Starting minecraft server version 1.20.6
[15:17:42] [Server thread/INFO]: Loading properties
[15:17:42] [Server thread/INFO]: This server is running CraftBukkit version 4149-Spigot-e2c1eee-4e7d749 (MC: 1.20.6) (Implementing API version 1.20.6-R0.1-SNAPSHOT)
[15:17:43] [Server thread/INFO]: Debug logging is disabled
[15:17:43] [Server thread/INFO]: Server Ping Player Sample Count: 12
[15:17:43] [Server thread/INFO]: Using 4 threads for Netty based IO
[15:17:43] [Server thread/INFO]: Default game type: SURVIVAL
[15:17:43] [Server thread/INFO]: Generating keypair
[15:17:43] [Server thread/INFO]: Starting Minecraft server on *:25565
[15:17:43] [Server thread/INFO]: Using default channel type
[15:17:43] [Server thread/WARN]: **** SERVER IS RUNNING IN OFFLINE/INSECURE MODE!
[15:17:43] [Server thread/WARN]: The server will make no attempt to authenticate usernames. Beware.
[15:17:43] [Server thread/WARN]: While this makes the game possible to play without internet access, it also opens up the ability for hackers to connect with any username they choose.
[15:17:43] [Server thread/WARN]: To change this, set "online-mode" to "true" in the server.properties file.
[15:17:43] [Server thread/INFO]: Preparing level "world"
[15:17:43] [Server thread/INFO]: -------- World Settings For [world] --------
[15:17:43] [Server thread/INFO]: Item Merge Radius: 2.5
[15:17:43] [Server thread/INFO]: Nerfing mobs spawned from spawners: false
[15:17:43] [Server thread/INFO]: Entity Activation Range: An 32 / Mo 32 / Ra 48 / Mi 16 / Tiv true / Isa false
[15:17:43] [Server thread/INFO]: Allow Zombie Pigmen to spawn from portal blocks: true
[15:17:43] [Server thread/INFO]: Item Despawn Rate: 6000
[15:17:43] [Server thread/INFO]: View Distance: 10
[15:17:43] [Server thread/INFO]: Simulation Distance: 10
[15:17:43] [Server thread/INFO]: Arrow Despawn Rate: 1200 Trident Respawn Rate:1200
[15:17:43] [Server thread/INFO]: Zombie Aggressive Towards Villager: true
[15:17:43] [Server thread/INFO]: Experience Merge Radius: 3.0
[15:17:43] [Server thread/INFO]: Hopper Transfer: 8 Hopper Check: 1 Hopper Amount: 1 Hopper Can Load Chunks: false
[15:17:43] [Server thread/INFO]: Mob Spawn Range: 6
[15:17:43] [Server thread/INFO]: Tile Max Tick Time: 50ms Entity max Tick Time: 50ms
[15:17:43] [Server thread/INFO]: Max TNT Explosions: 100
[15:17:43] [Server thread/INFO]: Cactus Growth Modifier: 100%
[15:17:43] [Server thread/INFO]: Cane Growth Modifier: 100%
[15:17:43] [Server thread/INFO]: Melon Growth Modifier: 100%
[15:17:43] [Server thread/INFO]: Mushroom Growth Modifier: 100%
[15:17:43] [Server thread/INFO]: Pumpkin Growth Modifier: 100%
[15:17:43] [Server thread/INFO]: Sapling Growth Modifier: 100%
[15:17:43] [Server thread/INFO]: Beetroot Growth Modifier: 100%
[15:17:43] [Server thread/INFO]: Carrot Growth Modifier: 100%
[15:17:43] [Server thread/INFO]: Potato Growth Modifier: 100%
[15:17:43] [Server thread/INFO]: Wheat Growth Modifier: 100%
[15:17:43] [Server thread/INFO]: NetherWart Growth Modifier: 100%
[15:17:43] [Server thread/INFO]: Vine Growth Modifier: 100%
[15:17:43] [Server thread/INFO]: Cocoa Growth Modifier: 100%
[15:17:43] [Server thread/INFO]: Bamboo Growth Modifier: 100%
[15:17:43] [Server thread/INFO]: SweetBerry Growth Modifier: 100%
[15:17:43] [Server thread/INFO]: Kelp Growth Modifier: 100%
[15:17:43] [Server thread/INFO]: TwistingVines Growth Modifier: 100%
[15:17:43] [Server thread/INFO]: WeepingVines Growth Modifier: 100%
[15:17:43] [Server thread/INFO]: CaveVines Growth Modifier: 100%
[15:17:43] [Server thread/INFO]: Custom Map Seeds:  Village: 10387312 Desert: 14357617 Igloo: 14357618 Jungle: 14357619 Swamp: 14357620 Monument: 10387313 Ocean: 14357621 Shipwreck: 165745295 End City: 10387313 Slime: 987234911 Nether: 30084232 Mansion: 10387319 Fossil: 14357921 Portal: 34222645
[15:17:43] [Server thread/INFO]: Entity Tracking Range: Pl 48 / An 48 / Mo 48 / Mi 32 / Di 128 / Other 64
[15:17:44] [Server thread/INFO]: -------- World Settings For [world_nether] --------
[15:17:44] [Server thread/INFO]: Item Merge Radius: 2.5
[15:17:44] [Server thread/INFO]: Nerfing mobs spawned from spawners: false
[15:17:44] [Server thread/INFO]: Entity Activation Range: An 32 / Mo 32 / Ra 48 / Mi 16 / Tiv true / Isa false
[15:17:44] [Server thread/INFO]: Allow Zombie Pigmen to spawn from portal blocks: true
[15:17:44] [Server thread/INFO]: Item Despawn Rate: 6000
[15:17:44] [Server thread/INFO]: View Distance: 10
[15:17:44] [Server thread/INFO]: Simulation Distance: 10
[15:17:44] [Server thread/INFO]: Arrow Despawn Rate: 1200 Trident Respawn Rate:1200
[15:17:44] [Server thread/INFO]: Zombie Aggressive Towards Villager: true
[15:17:44] [Server thread/INFO]: Experience Merge Radius: 3.0
[15:17:44] [Server thread/INFO]: Hopper Transfer: 8 Hopper Check: 1 Hopper Amount: 1 Hopper Can Load Chunks: false
[15:17:44] [Server thread/INFO]: Mob Spawn Range: 6
[15:17:44] [Server thread/INFO]: Tile Max Tick Time: 50ms Entity max Tick Time: 50ms
[15:17:44] [Server thread/INFO]: Max TNT Explosions: 100
[15:17:44] [Server thread/INFO]: Cactus Growth Modifier: 100%
[15:17:44] [Server thread/INFO]: Cane Growth Modifier: 100%
[15:17:44] [Server thread/INFO]: Melon Growth Modifier: 100%
[15:17:44] [Server thread/INFO]: Mushroom Growth Modifier: 100%
[15:17:44] [Server thread/INFO]: Pumpkin Growth Modifier: 100%
[15:17:44] [Server thread/INFO]: Sapling Growth Modifier: 100%
[15:17:44] [Server thread/INFO]: Beetroot Growth Modifier: 100%
[15:17:44] [Server thread/INFO]: Carrot Growth Modifier: 100%
[15:17:44] [Server thread/INFO]: Potato Growth Modifier: 100%
[15:17:44] [Server thread/INFO]: Wheat Growth Modifier: 100%
[15:17:44] [Server thread/INFO]: NetherWart Growth Modifier: 100%
[15:17:44] [Server thread/INFO]: Vine Growth Modifier: 100%
[15:17:44] [Server thread/INFO]: Cocoa Growth Modifier: 100%
[15:17:44] [Server thread/INFO]: Bamboo Growth Modifier: 100%
[15:17:44] [Server thread/INFO]: SweetBerry Growth Modifier: 100%
[15:17:44] [Server thread/INFO]: Kelp Growth Modifier: 100%
[15:17:44] [Server thread/INFO]: TwistingVines Growth Modifier: 100%
[15:17:44] [Server thread/INFO]: WeepingVines Growth Modifier: 100%
[15:17:44] [Server thread/INFO]: CaveVines Growth Modifier: 100%
[15:17:44] [Server thread/INFO]: Custom Map Seeds:  Village: 10387312 Desert: 14357617 Igloo: 14357618 Jungle: 14357619 Swamp: 14357620 Monument: 10387313 Ocean: 14357621 Shipwreck: 165745295 End City: 10387313 Slime: 987234911 Nether: 30084232 Mansion: 10387319 Fossil: 14357921 Portal: 34222645
[15:17:44] [Server thread/INFO]: Entity Tracking Range: Pl 48 / An 48 / Mo 48 / Mi 32 / Di 128 / Other 64
[15:17:45] [Server thread/INFO]: -------- World Settings For [world_the_end] --------
[15:17:45] [Server thread/INFO]: Item Merge Radius: 2.5
[15:17:45] [Server thread/INFO]: Nerfing mobs spawned from spawners: false
[15:17:45] [Server thread/INFO]: Entity Activation Range: An 32 / Mo 32 / Ra 48 / Mi 16 / Tiv true / Isa false
[15:17:45] [Server thread/INFO]: Allow Zombie Pigmen to spawn from portal blocks: true
[15:17:45] [Server thread/INFO]: Item Despawn Rate: 6000
[15:17:45] [Server thread/INFO]: View Distance: 10
[15:17:45] [Server thread/INFO]: Simulation Distance: 10
[15:17:45] [Server thread/INFO]: Arrow Despawn Rate: 1200 Trident Respawn Rate:1200
[15:17:45] [Server thread/INFO]: Zombie Aggressive Towards Villager: true
[15:17:45] [Server thread/INFO]: Experience Merge Radius: 3.0
[15:17:45] [Server thread/INFO]: Hopper Transfer: 8 Hopper Check: 1 Hopper Amount: 1 Hopper Can Load Chunks: false
[15:17:45] [Server thread/INFO]: Mob Spawn Range: 6
[15:17:45] [Server thread/INFO]: Tile Max Tick Time: 50ms Entity max Tick Time: 50ms
[15:17:45] [Server thread/INFO]: Max TNT Explosions: 100
[15:17:45] [Server thread/INFO]: Cactus Growth Modifier: 100%
[15:17:45] [Server thread/INFO]: Cane Growth Modifier: 100%
[15:17:45] [Server thread/INFO]: Melon Growth Modifier: 100%
[15:17:45] [Server thread/INFO]: Mushroom Growth Modifier: 100%
[15:17:45] [Server thread/INFO]: Pumpkin Growth Modifier: 100%
[15:17:45] [Server thread/INFO]: Sapling Growth Modifier: 100%
[15:17:45] [Server thread/INFO]: Beetroot Growth Modifier: 100%
[15:17:45] [Server thread/INFO]: Carrot Growth Modifier: 100%
[15:17:45] [Server thread/INFO]: Potato Growth Modifier: 100%
[15:17:45] [Server thread/INFO]: Wheat Growth Modifier: 100%
[15:17:45] [Server thread/INFO]: NetherWart Growth Modifier: 100%
[15:17:45] [Server thread/INFO]: Vine Growth Modifier: 100%
[15:17:45] [Server thread/INFO]: Cocoa Growth Modifier: 100%
[15:17:45] [Server thread/INFO]: Bamboo Growth Modifier: 100%
[15:17:45] [Server thread/INFO]: SweetBerry Growth Modifier: 100%
[15:17:45] [Server thread/INFO]: Kelp Growth Modifier: 100%
[15:17:45] [Server thread/INFO]: TwistingVines Growth Modifier: 100%
[15:17:45] [Server thread/INFO]: WeepingVines Growth Modifier: 100%
[15:17:45] [Server thread/INFO]: CaveVines Growth Modifier: 100%
[15:17:45] [Server thread/INFO]: Custom Map Seeds:  Village: 10387312 Desert: 14357617 Igloo: 14357618 Jungle: 14357619 Swamp: 14357620 Monument: 10387313 Ocean: 14357621 Shipwreck: 165745295 End City: 10387313 Slime: 987234911 Nether: 30084232 Mansion: 10387319 Fossil: 14357921 Portal: 34222645
[15:17:45] [Server thread/INFO]: Entity Tracking Range: Pl 48 / An 48 / Mo 48 / Mi 32 / Di 128 / Other 64
[15:17:45] [Server thread/INFO]: Preparing start region for dimension minecraft:overworld
[15:17:47] [Worker-Main-2/INFO]: Preparing spawn area: 0%
[15:17:47] [Worker-Main-6/INFO]: Preparing spawn area: 0%
[15:17:47] [Worker-Main-3/INFO]: Preparing spawn area: 0%
[15:17:47] [Worker-Main-1/INFO]: Preparing spawn area: 0%
[15:17:47] [Worker-Main-7/INFO]: Preparing spawn area: 0%
[15:17:48] [Worker-Main-3/INFO]: Preparing spawn area: 0%
[15:17:48] [Server thread/INFO]: Time elapsed: 3043 ms
[15:17:48] [Server thread/INFO]: Preparing start region for dimension minecraft:the_nether
[15:17:50] [Worker-Main-2/INFO]: Preparing spawn area: 0%
[15:17:50] [Worker-Main-6/INFO]: Preparing spawn area: 0%
[15:17:50] [Worker-Main-6/INFO]: Preparing spawn area: 0%
[15:17:50] [Worker-Main-7/INFO]: Preparing spawn area: 0%
[15:17:50] [Server thread/INFO]: Time elapsed: 1751 ms
[15:17:50] [Server thread/INFO]: Preparing start region for dimension minecraft:the_end
[15:17:51] [Worker-Main-7/INFO]: Preparing spawn area: 0%
[15:17:51] [Worker-Main-7/INFO]: Preparing spawn area: 0%
[15:17:51] [Worker-Main-7/INFO]: Preparing spawn area: 0%
[15:17:51] [Server thread/INFO]: Time elapsed: 1216 ms
[15:17:51] [Server thread/INFO]: Server permissions file permissions.yml is empty, ignoring it
[15:17:51] [Server thread/INFO]: Done (8.237s)! For help, type "help"
[15:17:55] [Server thread/INFO]: Stopping server
[15:17:55] [Server thread/INFO]: Saving players
[15:17:55] [Server thread/INFO]: Saving worlds
[15:17:56] [Server thread/INFO]: Saving chunks for level 'ServerLevel[world]'/minecraft:overworld
[15:17:56] [Server thread/INFO]: Saving chunks for level 'ServerLevel[world_nether]'/minecraft:the_nether
[15:17:57] [Server thread/INFO]: Saving chunks for level 'ServerLevel[world_the_end]'/minecraft:the_end
[15:17:57] [Server thread/INFO]: ThreadedAnvilChunkStorage (world): All chunks are saved
[15:17:57] [Server thread/INFO]: ThreadedAnvilChunkStorage (DIM-1): All chunks are saved
[15:17:57] [Server thread/INFO]: ThreadedAnvilChunkStorage (DIM1): All chunks are saved
[15:17:57] [Server thread/INFO]: ThreadedAnvilChunkStorage: All dimensions are saved
